{"contracts/lib/Owned.sol":{"l":{"11":14,"15":18,"16":16,"25":0,"26":0,"31":0},"path":"/Users/influitysmallmac/Documents/Projects/consensys/Frontier/FrontierLists/contracts/lib/Owned.sol","s":{"1":14,"2":18,"3":2,"4":0,"5":0,"6":0},"b":{"1":[2,16]},"f":{"1":14,"2":18,"3":0,"4":0},"fnMap":{"1":{"name":"Owned","line":10,"loc":{"start":{"line":10,"column":4},"end":{"line":10,"column":25}}},"2":{"name":"onlyOwner","line":14,"loc":{"start":{"line":14,"column":4},"end":{"line":14,"column":22}}},"3":{"name":"changeOwner","line":24,"loc":{"start":{"line":24,"column":4},"end":{"line":24,"column":58}}},"4":{"name":"isOwner","line":30,"loc":{"start":{"line":30,"column":4},"end":{"line":30,"column":63}}}},"statementMap":{"1":{"start":{"line":11,"column":8},"end":{"line":11,"column":25}},"2":{"start":{"line":15,"column":8},"end":{"line":15,"column":41}},"3":{"start":{"line":15,"column":33},"end":{"line":15,"column":40}},"4":{"start":{"line":25,"column":8},"end":{"line":25,"column":24}},"5":{"start":{"line":26,"column":8},"end":{"line":26,"column":42}},"6":{"start":{"line":31,"column":8},"end":{"line":31,"column":29}}},"branchMap":{"1":{"line":15,"type":"if","locations":[{"start":{"line":15,"column":8},"end":{"line":15,"column":8}},{"start":{"line":15,"column":8},"end":{"line":15,"column":8}}]}}},"contracts/lib/Standard20Token.sol":{"l":{"64":0,"65":0,"66":0,"67":0,"68":0,"75":0,"76":0,"77":0,"78":0,"79":0,"80":0,"85":0,"89":0,"90":0,"91":0,"95":0},"path":"/Users/influitysmallmac/Documents/Projects/consensys/Frontier/FrontierLists/contracts/lib/Standard20Token.sol","s":{"1":0,"2":0,"3":0,"4":0,"5":0,"6":0,"7":0,"8":0,"9":0,"10":0,"11":0,"12":0,"13":0,"14":0,"15":0,"16":0,"17":0,"18":0},"b":{"1":[0,0],"2":[0,0]},"f":{"1":0,"2":0,"3":0,"4":0,"5":0},"fnMap":{"1":{"name":"transfer","line":58,"loc":{"start":{"line":58,"column":4},"end":{"line":58,"column":78}}},"2":{"name":"transferFrom","line":72,"loc":{"start":{"line":72,"column":4},"end":{"line":72,"column":97}}},"3":{"name":"balanceOf","line":84,"loc":{"start":{"line":84,"column":4},"end":{"line":84,"column":78}}},"4":{"name":"approve","line":88,"loc":{"start":{"line":88,"column":4},"end":{"line":88,"column":82}}},"5":{"name":"allowance","line":94,"loc":{"start":{"line":94,"column":4},"end":{"line":94,"column":98}}}},"statementMap":{"1":{"start":{"line":64,"column":8},"end":{"line":64,"column":2991}},"2":{"start":{"line":65,"column":12},"end":{"line":65,"column":41}},"3":{"start":{"line":66,"column":12},"end":{"line":66,"column":34}},"4":{"start":{"line":67,"column":12},"end":{"line":67,"column":44}},"5":{"start":{"line":68,"column":12},"end":{"line":68,"column":23}},"6":{"start":{"line":69,"column":17},"end":{"line":69,"column":29}},"7":{"start":{"line":75,"column":8},"end":{"line":75,"column":3580}},"8":{"start":{"line":76,"column":12},"end":{"line":76,"column":34}},"9":{"start":{"line":77,"column":12},"end":{"line":77,"column":36}},"10":{"start":{"line":78,"column":12},"end":{"line":78,"column":47}},"11":{"start":{"line":79,"column":12},"end":{"line":79,"column":39}},"12":{"start":{"line":80,"column":12},"end":{"line":80,"column":23}},"13":{"start":{"line":81,"column":17},"end":{"line":81,"column":29}},"14":{"start":{"line":85,"column":8},"end":{"line":85,"column":31}},"15":{"start":{"line":89,"column":8},"end":{"line":89,"column":45}},"16":{"start":{"line":90,"column":8},"end":{"line":90,"column":45}},"17":{"start":{"line":91,"column":8},"end":{"line":91,"column":19}},"18":{"start":{"line":95,"column":8},"end":{"line":95,"column":40}}},"branchMap":{"1":{"line":64,"type":"if","locations":[{"start":{"line":64,"column":8},"end":{"line":64,"column":8}},{"start":{"line":64,"column":8},"end":{"line":64,"column":8}}]},"2":{"line":75,"type":"if","locations":[{"start":{"line":75,"column":8},"end":{"line":75,"column":8}},{"start":{"line":75,"column":8},"end":{"line":75,"column":8}}]}}},"contracts/Lists/lib/InsertionSorter.sol":{"l":{"6":0,"7":0,"8":0,"10":0,"11":0,"14":0,"15":0,"17":0,"18":0,"19":0,"20":0,"22":0,"25":0,"26":0},"path":"/Users/influitysmallmac/Documents/Projects/consensys/Frontier/FrontierLists/contracts/Lists/lib/InsertionSorter.sol","s":{"1":0,"2":0,"3":0,"4":0,"5":0,"6":0,"7":0,"8":0,"9":0,"10":0,"11":0},"b":{},"f":{"1":0},"fnMap":{"1":{"name":"sort","line":5,"loc":{"start":{"line":5,"column":2},"end":{"line":5,"column":43}}}},"statementMap":{"1":{"start":{"line":6,"column":6},"end":{"line":6,"column":25}},"2":{"start":{"line":7,"column":6},"end":{"line":7,"column":38}},"3":{"start":{"line":10,"column":6},"end":{"line":10,"column":196}},"4":{"start":{"line":11,"column":8},"end":{"line":11,"column":23}},"5":{"start":{"line":17,"column":6},"end":{"line":17,"column":289}},"6":{"start":{"line":18,"column":8},"end":{"line":18,"column":19}},"7":{"start":{"line":19,"column":8},"end":{"line":19,"column":356}},"8":{"start":{"line":20,"column":10},"end":{"line":20,"column":26}},"9":{"start":{"line":22,"column":8},"end":{"line":22,"column":19}},"10":{"start":{"line":25,"column":6},"end":{"line":25,"column":474}},"11":{"start":{"line":26,"column":10},"end":{"line":26,"column":25}}},"branchMap":{}},"contracts/Lists/lib/QuickSorter.sol":{"l":{"7":0,"8":0,"9":0,"11":0,"12":0,"15":0,"18":0,"19":0,"20":0,"21":0,"24":0,"26":0,"27":0,"28":0,"29":0,"31":0,"32":0,"34":0,"35":0,"37":0,"38":0,"41":0,"42":0,"45":0,"46":0,"47":0,"48":0,"49":0,"53":0,"54":0,"55":0,"56":0,"57":0,"60":0,"61":0},"path":"/Users/influitysmallmac/Documents/Projects/consensys/Frontier/FrontierLists/contracts/Lists/lib/QuickSorter.sol","s":{"1":0,"2":0,"3":0,"4":0,"5":0,"6":0,"7":0,"8":0,"9":0,"10":0,"11":0,"12":0,"13":0,"14":0,"15":0,"16":0,"17":0,"18":0,"19":0,"20":0,"21":0,"22":0,"23":0,"24":0,"25":0,"26":0,"27":0,"28":0,"29":0,"30":0,"31":0,"32":0,"33":0,"34":0},"b":{"1":[0,0],"2":[0,0],"3":[0,0]},"f":{"1":0},"fnMap":{"1":{"name":"sort","line":5,"loc":{"start":{"line":5,"column":2},"end":{"line":5,"column":43}}}},"statementMap":{"1":{"start":{"line":7,"column":4},"end":{"line":7,"column":23}},"2":{"start":{"line":8,"column":4},"end":{"line":8,"column":36}},"3":{"start":{"line":11,"column":4},"end":{"line":11,"column":183}},"4":{"start":{"line":12,"column":6},"end":{"line":12,"column":21}},"5":{"start":{"line":15,"column":4},"end":{"line":15,"column":40}},"6":{"start":{"line":18,"column":4},"end":{"line":18,"column":15}},"7":{"start":{"line":19,"column":4},"end":{"line":19,"column":17}},"8":{"start":{"line":20,"column":4},"end":{"line":20,"column":16}},"9":{"start":{"line":21,"column":4},"end":{"line":21,"column":19}},"10":{"start":{"line":24,"column":4},"end":{"line":24,"column":454}},"11":{"start":{"line":26,"column":6},"end":{"line":26,"column":24}},"12":{"start":{"line":27,"column":6},"end":{"line":27,"column":18}},"13":{"start":{"line":28,"column":6},"end":{"line":28,"column":24}},"14":{"start":{"line":29,"column":6},"end":{"line":29,"column":18}},"15":{"start":{"line":31,"column":6},"end":{"line":31,"column":10}},"16":{"start":{"line":32,"column":6},"end":{"line":32,"column":20}},"17":{"start":{"line":34,"column":6},"end":{"line":34,"column":615}},"18":{"start":{"line":35,"column":8},"end":{"line":35,"column":650}},"19":{"start":{"line":37,"column":10},"end":{"line":37,"column":43}},"20":{"start":{"line":38,"column":10},"end":{"line":38,"column":18}},"21":{"start":{"line":41,"column":6},"end":{"line":41,"column":39}},"22":{"start":{"line":42,"column":6},"end":{"line":42,"column":15}},"23":{"start":{"line":45,"column":6},"end":{"line":45,"column":885}},"24":{"start":{"line":46,"column":8},"end":{"line":46,"column":20}},"25":{"start":{"line":47,"column":8},"end":{"line":47,"column":21}},"26":{"start":{"line":48,"column":8},"end":{"line":48,"column":20}},"27":{"start":{"line":49,"column":8},"end":{"line":49,"column":25}},"28":{"start":{"line":53,"column":6},"end":{"line":53,"column":1048}},"29":{"start":{"line":54,"column":8},"end":{"line":54,"column":20}},"30":{"start":{"line":55,"column":8},"end":{"line":55,"column":25}},"31":{"start":{"line":56,"column":8},"end":{"line":56,"column":20}},"32":{"start":{"line":57,"column":8},"end":{"line":57,"column":21}},"33":{"start":{"line":60,"column":4},"end":{"line":60,"column":1177}},"34":{"start":{"line":61,"column":6},"end":{"line":61,"column":21}}},"branchMap":{"1":{"line":35,"type":"if","locations":[{"start":{"line":35,"column":8},"end":{"line":35,"column":8}},{"start":{"line":35,"column":8},"end":{"line":35,"column":8}}]},"2":{"line":45,"type":"if","locations":[{"start":{"line":45,"column":6},"end":{"line":45,"column":6}},{"start":{"line":45,"column":6},"end":{"line":45,"column":6}}]},"3":{"line":53,"type":"if","locations":[{"start":{"line":53,"column":6},"end":{"line":53,"column":6}},{"start":{"line":53,"column":6},"end":{"line":53,"column":6}}]}}},"contracts/Lists/PrivateList.sol":{"l":{"30":14,"31":14,"39":13,"40":13,"41":11,"42":11,"43":11,"51":2,"52":2,"53":2,"61":1,"62":1,"63":1,"72":0,"73":0,"83":0,"84":0,"86":0,"87":0,"96":0},"path":"/Users/influitysmallmac/Documents/Projects/consensys/Frontier/FrontierLists/contracts/Lists/PrivateList.sol","s":{"1":14,"2":14,"3":13,"4":13,"5":11,"6":11,"7":11,"8":2,"9":2,"10":2,"11":1,"12":1,"13":1,"14":0,"15":0,"16":0,"17":0,"18":0,"19":0,"20":0},"b":{"1":[13,0],"2":[11,2],"3":[1,0],"4":[0,0],"5":[0,0]},"f":{"1":14,"2":13,"3":2,"4":1,"5":0,"6":0,"7":0},"fnMap":{"1":{"name":"PrivateList","line":29,"loc":{"start":{"line":29,"column":4},"end":{"line":29,"column":79}}},"2":{"name":"addCandidate","line":38,"loc":{"start":{"line":38,"column":4},"end":{"line":38,"column":67}}},"3":{"name":"removeCandidate","line":50,"loc":{"start":{"line":50,"column":4},"end":{"line":50,"column":71}}},"4":{"name":"addVoter","line":60,"loc":{"start":{"line":60,"column":4},"end":{"line":60,"column":59}}},"5":{"name":"removeVoter","line":71,"loc":{"start":{"line":71,"column":4},"end":{"line":71,"column":63}}},"6":{"name":"vote","line":82,"loc":{"start":{"line":82,"column":4},"end":{"line":82,"column":66}}},"7":{"name":"setBountyPool","line":95,"loc":{"start":{"line":95,"column":4},"end":{"line":95,"column":59}}}},"statementMap":{"1":{"start":{"line":30,"column":8},"end":{"line":30,"column":45}},"2":{"start":{"line":31,"column":8},"end":{"line":31,"column":43}},"3":{"start":{"line":39,"column":8},"end":{"line":39,"column":52}},"4":{"start":{"line":40,"column":7},"end":{"line":40,"column":55}},"5":{"start":{"line":41,"column":8},"end":{"line":41,"column":47}},"6":{"start":{"line":42,"column":8},"end":{"line":42,"column":28}},"7":{"start":{"line":43,"column":8},"end":{"line":43,"column":56}},"8":{"start":{"line":51,"column":8},"end":{"line":51,"column":48}},"9":{"start":{"line":52,"column":8},"end":{"line":52,"column":28}},"10":{"start":{"line":53,"column":8},"end":{"line":53,"column":41}},"11":{"start":{"line":61,"column":8},"end":{"line":61,"column":47}},"12":{"start":{"line":62,"column":8},"end":{"line":62,"column":38}},"13":{"start":{"line":63,"column":8},"end":{"line":63,"column":30}},"14":{"start":{"line":72,"column":8},"end":{"line":72,"column":44}},"15":{"start":{"line":73,"column":8},"end":{"line":73,"column":33}},"16":{"start":{"line":83,"column":8},"end":{"line":83,"column":57}},"17":{"start":{"line":84,"column":8},"end":{"line":84,"column":43}},"18":{"start":{"line":86,"column":8},"end":{"line":86,"column":50}},"19":{"start":{"line":87,"column":8},"end":{"line":87,"column":39}},"20":{"start":{"line":96,"column":8},"end":{"line":96,"column":45}}},"branchMap":{"1":{"line":39,"type":"if","locations":[{"start":{"line":39,"column":8},"end":{"line":39,"column":8}},{"start":{"line":39,"column":8},"end":{"line":39,"column":8}}]},"2":{"line":40,"type":"if","locations":[{"start":{"line":40,"column":7},"end":{"line":40,"column":7}},{"start":{"line":40,"column":7},"end":{"line":40,"column":7}}]},"3":{"line":61,"type":"if","locations":[{"start":{"line":61,"column":8},"end":{"line":61,"column":8}},{"start":{"line":61,"column":8},"end":{"line":61,"column":8}}]},"4":{"line":83,"type":"if","locations":[{"start":{"line":83,"column":8},"end":{"line":83,"column":8}},{"start":{"line":83,"column":8},"end":{"line":83,"column":8}}]},"5":{"line":84,"type":"if","locations":[{"start":{"line":84,"column":8},"end":{"line":84,"column":8}},{"start":{"line":84,"column":8},"end":{"line":84,"column":8}}]}}}}