{"contracts/mocks/OwnedRegistryMock.sol":{"l":{"17":2,"18":6},"path":"/Users/carlosbuendia/Documents/Projects/consensys/Frontier/TRL/contracts/mocks/OwnedRegistryMock.sol","s":{"1":2,"2":6},"b":{},"f":{"1":2},"fnMap":{"1":{"name":null,"line":13,"loc":{"start":{"line":13,"column":4},"end":{"line":16,"column":5}}}},"statementMap":{"1":{"start":{"line":17,"column":8},"end":{"line":17,"column":325}},"2":{"start":{"line":18,"column":12},"end":{"line":18,"column":45}}},"branchMap":{}},"contracts/mocks/Standard20TokenMock.sol":{"l":{"8":2,"9":6},"path":"/Users/carlosbuendia/Documents/Projects/consensys/Frontier/TRL/contracts/mocks/Standard20TokenMock.sol","s":{"1":2,"2":6},"b":{},"f":{"1":2},"fnMap":{"1":{"name":null,"line":7,"loc":{"start":{"line":7,"column":4},"end":{"line":7,"column":64}}}},"statementMap":{"1":{"start":{"line":8,"column":8},"end":{"line":8,"column":234}},"2":{"start":{"line":9,"column":12},"end":{"line":9,"column":49}}},"branchMap":{}},"contracts/TRL.sol":{"l":{"54":16,"57":16,"58":16,"59":16,"60":16,"69":16,"70":16,"71":16,"72":16,"83":5,"84":4,"85":4,"86":4,"97":2,"98":2,"99":2,"100":2,"101":2,"102":2,"111":0,"112":0,"113":0,"114":0,"119":0,"120":0,"128":33,"129":33,"130":33,"138":7,"154":2,"170":0,"171":0,"172":0,"173":0,"174":0},"path":"/Users/carlosbuendia/Documents/Projects/consensys/Frontier/TRL/contracts/TRL.sol","s":{"1":16,"2":16,"3":16,"4":16,"5":16,"6":16,"7":16,"8":5,"9":4,"10":4,"11":4,"12":2,"13":2,"14":2,"15":2,"16":2,"17":2,"18":0,"19":0,"20":0,"21":0,"22":0,"23":33,"24":33,"25":33,"26":7,"27":2,"28":0,"29":0,"30":0,"31":0,"32":0},"b":{"1":[16,0],"2":[4,1],"3":[4,0],"4":[2,0],"5":[2,0],"6":[2,0],"7":[0,0],"8":[0,0],"9":[0,0],"10":[0,0]},"f":{"1":16,"2":16,"3":5,"4":2,"5":0,"6":33,"7":7,"8":2,"9":0},"fnMap":{"1":{"name":null,"line":45,"loc":{"start":{"line":45,"column":4},"end":{"line":53,"column":5}}},"2":{"name":"initPeriod","line":68,"loc":{"start":{"line":68,"column":4},"end":{"line":68,"column":89}}},"3":{"name":"buyTokenVotes","line":82,"loc":{"start":{"line":82,"column":4},"end":{"line":82,"column":48}}},"4":{"name":"vote","line":96,"loc":{"start":{"line":96,"column":4},"end":{"line":96,"column":66}}},"5":{"name":"claimBounty","line":110,"loc":{"start":{"line":110,"column":4},"end":{"line":110,"column":31}}},"6":{"name":"currentPeriod","line":127,"loc":{"start":{"line":127,"column":4},"end":{"line":127,"column":55}}},"7":{"name":"currentStage","line":137,"loc":{"start":{"line":137,"column":4},"end":{"line":137,"column":53}}},"8":{"name":"canVote","line":149,"loc":{"start":{"line":149,"column":4},"end":{"line":153,"column":5}}},"9":{"name":"calculateReward","line":164,"loc":{"start":{"line":164,"column":4},"end":{"line":169,"column":5}}}},"statementMap":{"1":{"start":{"line":54,"column":8},"end":{"line":54,"column":1838}},"2":{"start":{"line":57,"column":8},"end":{"line":57,"column":43}},"3":{"start":{"line":58,"column":8},"end":{"line":58,"column":62}},"4":{"start":{"line":59,"column":8},"end":{"line":59,"column":54}},"5":{"start":{"line":60,"column":8},"end":{"line":60,"column":69}},"6":{"start":{"line":69,"column":8},"end":{"line":69,"column":54}},"7":{"start":{"line":72,"column":8},"end":{"line":72,"column":60}},"8":{"start":{"line":83,"column":8},"end":{"line":83,"column":35}},"9":{"start":{"line":84,"column":8},"end":{"line":84,"column":60}},"10":{"start":{"line":85,"column":8},"end":{"line":85,"column":105}},"11":{"start":{"line":86,"column":8},"end":{"line":86,"column":62}},"12":{"start":{"line":97,"column":8},"end":{"line":97,"column":35}},"13":{"start":{"line":98,"column":8},"end":{"line":98,"column":54}},"14":{"start":{"line":99,"column":8},"end":{"line":99,"column":68}},"15":{"start":{"line":100,"column":8},"end":{"line":100,"column":121}},"16":{"start":{"line":101,"column":8},"end":{"line":101,"column":59}},"17":{"start":{"line":102,"column":8},"end":{"line":102,"column":73}},"18":{"start":{"line":111,"column":8},"end":{"line":111,"column":35}},"19":{"start":{"line":112,"column":8},"end":{"line":112,"column":67}},"20":{"start":{"line":113,"column":8},"end":{"line":113,"column":51}},"21":{"start":{"line":114,"column":8},"end":{"line":114,"column":4385}},"22":{"start":{"line":120,"column":8},"end":{"line":120,"column":68}},"23":{"start":{"line":128,"column":8},"end":{"line":128,"column":54}},"24":{"start":{"line":129,"column":8},"end":{"line":129,"column":44}},"25":{"start":{"line":130,"column":8},"end":{"line":130,"column":39}},"26":{"start":{"line":138,"column":8},"end":{"line":138,"column":44}},"27":{"start":{"line":154,"column":8},"end":{"line":154,"column":5582}},"28":{"start":{"line":170,"column":8},"end":{"line":170,"column":32}},"29":{"start":{"line":171,"column":8},"end":{"line":171,"column":52}},"30":{"start":{"line":172,"column":8},"end":{"line":172,"column":65}},"31":{"start":{"line":173,"column":8},"end":{"line":173,"column":67}},"32":{"start":{"line":174,"column":8},"end":{"line":174,"column":26}}},"branchMap":{"1":{"line":54,"type":"if","locations":[{"start":{"line":54,"column":8},"end":{"line":54,"column":8}},{"start":{"line":54,"column":8},"end":{"line":54,"column":8}}]},"2":{"line":83,"type":"if","locations":[{"start":{"line":83,"column":8},"end":{"line":83,"column":8}},{"start":{"line":83,"column":8},"end":{"line":83,"column":8}}]},"3":{"line":84,"type":"if","locations":[{"start":{"line":84,"column":8},"end":{"line":84,"column":8}},{"start":{"line":84,"column":8},"end":{"line":84,"column":8}}]},"4":{"line":97,"type":"if","locations":[{"start":{"line":97,"column":8},"end":{"line":97,"column":8}},{"start":{"line":97,"column":8},"end":{"line":97,"column":8}}]},"5":{"line":98,"type":"if","locations":[{"start":{"line":98,"column":8},"end":{"line":98,"column":8}},{"start":{"line":98,"column":8},"end":{"line":98,"column":8}}]},"6":{"line":99,"type":"if","locations":[{"start":{"line":99,"column":8},"end":{"line":99,"column":8}},{"start":{"line":99,"column":8},"end":{"line":99,"column":8}}]},"7":{"line":111,"type":"if","locations":[{"start":{"line":111,"column":8},"end":{"line":111,"column":8}},{"start":{"line":111,"column":8},"end":{"line":111,"column":8}}]},"8":{"line":112,"type":"if","locations":[{"start":{"line":112,"column":8},"end":{"line":112,"column":8}},{"start":{"line":112,"column":8},"end":{"line":112,"column":8}}]},"9":{"line":113,"type":"if","locations":[{"start":{"line":113,"column":8},"end":{"line":113,"column":8}},{"start":{"line":113,"column":8},"end":{"line":113,"column":8}}]},"10":{"line":170,"type":"if","locations":[{"start":{"line":170,"column":8},"end":{"line":170,"column":8}},{"start":{"line":170,"column":8},"end":{"line":170,"column":8}}]}}}}