TN:
SF:/Users/influitysmallmac/Documents/Projects/consensys/Frontier/FrontierLists/contracts/lib/Owned.sol
FN:10,Owned
FN:14,onlyOwner
FN:24,changeOwner
FN:30,isOwner
FNF:4
FNH:2
FNDA:14,Owned
FNDA:18,onlyOwner
FNDA:0,changeOwner
FNDA:0,isOwner
DA:11,14
DA:15,18
DA:16,16
DA:25,0
DA:26,0
DA:31,0
LF:6
LH:3
BRDA:15,1,0,2
BRDA:15,1,1,16
BRF:2
BRH:2
end_of_record
TN:
SF:/Users/influitysmallmac/Documents/Projects/consensys/Frontier/FrontierLists/contracts/lib/Standard20Token.sol
FN:58,transfer
FN:72,transferFrom
FN:84,balanceOf
FN:88,approve
FN:94,allowance
FNF:5
FNH:0
FNDA:0,transfer
FNDA:0,transferFrom
FNDA:0,balanceOf
FNDA:0,approve
FNDA:0,allowance
DA:64,0
DA:65,0
DA:66,0
DA:67,0
DA:68,0
DA:75,0
DA:76,0
DA:77,0
DA:78,0
DA:79,0
DA:80,0
DA:85,0
DA:89,0
DA:90,0
DA:91,0
DA:95,0
LF:16
LH:0
BRDA:64,1,0,0
BRDA:64,1,1,0
BRDA:75,2,0,0
BRDA:75,2,1,0
BRF:4
BRH:0
end_of_record
TN:
SF:/Users/influitysmallmac/Documents/Projects/consensys/Frontier/FrontierLists/contracts/Lists/lib/InsertionSorter.sol
FN:5,sort
FNF:1
FNH:0
FNDA:0,sort
DA:6,0
DA:7,0
DA:8,0
DA:10,0
DA:11,0
DA:14,0
DA:15,0
DA:17,0
DA:18,0
DA:19,0
DA:20,0
DA:22,0
DA:25,0
DA:26,0
LF:14
LH:0
BRF:0
BRH:0
end_of_record
TN:
SF:/Users/influitysmallmac/Documents/Projects/consensys/Frontier/FrontierLists/contracts/Lists/lib/QuickSorter.sol
FN:5,sort
FNF:1
FNH:0
FNDA:0,sort
DA:7,0
DA:8,0
DA:9,0
DA:11,0
DA:12,0
DA:15,0
DA:18,0
DA:19,0
DA:20,0
DA:21,0
DA:24,0
DA:26,0
DA:27,0
DA:28,0
DA:29,0
DA:31,0
DA:32,0
DA:34,0
DA:35,0
DA:37,0
DA:38,0
DA:41,0
DA:42,0
DA:45,0
DA:46,0
DA:47,0
DA:48,0
DA:49,0
DA:53,0
DA:54,0
DA:55,0
DA:56,0
DA:57,0
DA:60,0
DA:61,0
LF:35
LH:0
BRDA:35,1,0,0
BRDA:35,1,1,0
BRDA:45,2,0,0
BRDA:45,2,1,0
BRDA:53,3,0,0
BRDA:53,3,1,0
BRF:6
BRH:0
end_of_record
TN:
SF:/Users/influitysmallmac/Documents/Projects/consensys/Frontier/FrontierLists/contracts/Lists/PrivateList.sol
FN:29,PrivateList
FN:38,addCandidate
FN:50,removeCandidate
FN:60,addVoter
FN:71,removeVoter
FN:82,vote
FN:95,setBountyPool
FNF:7
FNH:4
FNDA:14,PrivateList
FNDA:13,addCandidate
FNDA:2,removeCandidate
FNDA:1,addVoter
FNDA:0,removeVoter
FNDA:0,vote
FNDA:0,setBountyPool
DA:30,14
DA:31,14
DA:39,13
DA:40,13
DA:41,11
DA:42,11
DA:43,11
DA:51,2
DA:52,2
DA:53,2
DA:61,1
DA:62,1
DA:63,1
DA:72,0
DA:73,0
DA:83,0
DA:84,0
DA:86,0
DA:87,0
DA:96,0
LF:20
LH:13
BRDA:39,1,0,13
BRDA:39,1,1,0
BRDA:40,2,0,11
BRDA:40,2,1,2
BRDA:61,3,0,1
BRDA:61,3,1,0
BRDA:83,4,0,0
BRDA:83,4,1,0
BRDA:84,5,0,0
BRDA:84,5,1,0
BRF:10
BRH:4
end_of_record
