TN:
SF:/Users/carlosbuendia/Documents/Projects/consensys/Frontier/TokenRankedList/contracts/lib/Owned.sol
FN:10,Owned
FN:14,onlyOwner
FN:24,changeOwner
FN:30,isOwner
FNF:4
FNH:2
FNDA:25,Owned
FNDA:28,onlyOwner
FNDA:0,changeOwner
FNDA:0,isOwner
DA:11,25
DA:15,28
DA:16,24
DA:25,0
DA:26,0
DA:31,0
LF:6
LH:3
BRDA:15,1,0,4
BRDA:15,1,1,24
BRF:2
BRH:2
end_of_record
TN:
SF:/Users/carlosbuendia/Documents/Projects/consensys/Frontier/TokenRankedList/contracts/lib/Standard20Token.sol
FN:12,transfer
FN:26,transferFrom
FN:38,balanceOf
FN:42,approve
FN:48,allowance
FNF:5
FNH:4
FNDA:0,transfer
FNDA:5,transferFrom
FNDA:3,balanceOf
FNDA:7,approve
FNDA:5,allowance
DA:18,0
DA:19,0
DA:20,0
DA:21,0
DA:22,0
DA:29,5
DA:30,3
DA:31,3
DA:32,3
DA:33,3
DA:34,3
DA:39,3
DA:43,7
DA:44,7
DA:45,7
DA:49,5
LF:16
LH:11
BRDA:18,1,0,0
BRDA:18,1,1,0
BRDA:29,2,0,3
BRDA:29,2,1,2
BRF:4
BRH:2
end_of_record
TN:
SF:/Users/carlosbuendia/Documents/Projects/consensys/Frontier/TokenRankedList/contracts/lib/Token.sol
FNF:0
FNH:0
LF:0
LH:0
BRF:0
BRH:0
end_of_record
TN:
SF:/Users/carlosbuendia/Documents/Projects/consensys/Frontier/TokenRankedList/contracts/Lists/PrivateList.sol
FN:29,PrivateList
FN:38,addCandidate
FN:51,removeCandidate
FN:61,addVoter
FN:73,removeVoter
FN:84,vote
FN:97,setBountyPool
FNF:7
FNH:6
FNDA:25,PrivateList
FNDA:16,addCandidate
FNDA:2,removeCandidate
FNDA:5,addVoter
FNDA:1,removeVoter
FNDA:3,vote
FNDA:0,setBountyPool
DA:30,25
DA:31,25
DA:39,16
DA:40,16
DA:41,14
DA:42,14
DA:43,14
DA:44,14
DA:52,2
DA:53,2
DA:54,2
DA:62,5
DA:63,5
DA:64,5
DA:65,5
DA:74,1
DA:75,1
DA:85,3
DA:86,3
DA:87,3
DA:88,2
DA:89,2
DA:98,0
LF:23
LH:22
BRDA:39,1,0,16
BRDA:39,1,1,0
BRDA:40,2,0,14
BRDA:40,2,1,2
BRDA:41,3,0,14
BRDA:41,3,1,0
BRDA:62,4,0,5
BRDA:62,4,1,0
BRDA:63,5,0,5
BRDA:63,5,1,0
BRDA:85,6,0,3
BRDA:85,6,1,0
BRDA:86,7,0,3
BRDA:86,7,1,0
BRDA:87,8,0,2
BRDA:87,8,1,1
BRF:16
BRH:10
end_of_record
TN:
SF:/Users/carlosbuendia/Documents/Projects/consensys/Frontier/TokenRankedList/contracts/mocks/Standard20TokenMock.sol
FN:9,Standard20TokenMock
FNF:1
FNH:1
FNDA:25,Standard20TokenMock
DA:10,25
DA:11,25
LF:2
LH:2
BRF:0
BRH:0
end_of_record
